<?xml version="1.0" encoding="UTF-8"?>
<!-- Generated by org.testng.reporters.JUnitReportReporter -->
<testsuite hostname="DESKTOP-5DJG0VO" failures="0" tests="2" name="TestNg_Parallel.compatability" time="45.997" errors="0" timestamp="2023-10-05T15:11:42 IST" skipped="0">
  <testcase classname="TestNg_Parallel.compatability" name="amz" time="14.218"/>
  <testcase classname="TestNg_Parallel.compatability" name="amz" time="31.779"/>
</testsuite> <!-- TestNg_Parallel.compatability -->
