<?xml version="1.0" encoding="UTF-8"?>
<!-- Generated by org.testng.reporters.JUnitReportReporter -->
<testsuite hostname="DESKTOP-5DJG0VO" failures="0" tests="1" name="TestNg_Parallel.facebook_Distributed" time="16.041" errors="0" timestamp="2023-10-05T14:32:13 IST" skipped="0">
  <testcase classname="TestNg_Parallel.facebook_Distributed" name="fb" time="16.041"/>
</testsuite> <!-- TestNg_Parallel.facebook_Distributed -->
