<?xml version="1.0" encoding="UTF-8"?>
<!-- Generated by org.testng.reporters.JUnitReportReporter -->
<testsuite hostname="DESKTOP-5DJG0VO" failures="0" tests="1" name="TestNg_Parallel.amzon_distributed" time="31.591" errors="0" timestamp="2023-10-05T14:32:13 IST" skipped="0">
  <testcase classname="TestNg_Parallel.amzon_distributed" name="amz" time="31.591"/>
</testsuite> <!-- TestNg_Parallel.amzon_distributed -->
