<?xml version="1.0" encoding="UTF-8"?>
<!-- Generated by org.testng.reporters.JUnitReportReporter -->
<testsuite hostname="DESKTOP-5DJG0VO" failures="0" tests="1" name="TestNg_FailingPurpose.facebook" time="11.877" errors="0" timestamp="2023-10-06T16:25:30 IST" skipped="0">
  <testcase classname="TestNg_FailingPurpose.facebook" name="fb" time="11.877"/>
</testsuite> <!-- TestNg_FailingPurpose.facebook -->
