<?xml version="1.0" encoding="UTF-8"?>
<!-- Generated by org.testng.reporters.JUnitReportReporter -->
<testsuite hostname="DESKTOP-5DJG0VO" failures="0" tests="1" name="TestNg_Group.sample1" time="0.005" errors="0" timestamp="2023-10-05T15:25:50 IST" skipped="0">
  <testcase classname="TestNg_Group.sample1" name="demo2" time="0.005"/>
</testsuite> <!-- TestNg_Group.sample1 -->
