<?xml version="1.0" encoding="UTF-8"?>
<!-- Generated by org.testng.reporters.JUnitReportReporter -->
<testsuite hostname="DESKTOP-5DJG0VO" failures="0" tests="1" name="TestNg_Sequential.amazon" time="18.911" errors="0" timestamp="2023-10-05T14:25:53 IST" skipped="0">
  <testcase classname="TestNg_Sequential.amazon" name="amz" time="18.911"/>
</testsuite> <!-- TestNg_Sequential.amazon -->
