<?xml version="1.0" encoding="UTF-8"?>
<!-- Generated by org.testng.reporters.JUnitReportReporter -->
<testsuite hostname="DESKTOP-5DJG0VO" failures="0" tests="3" name="TestNg.DataProviders" time="32.473" errors="0" timestamp="2023-10-06T16:31:39 IST" skipped="0">
  <testcase classname="TestNg.DataProviders" name="demo" time="10.491"/>
  <testcase classname="TestNg.DataProviders" name="demo" time="10.000"/>
  <testcase classname="TestNg.DataProviders" name="demo" time="11.982"/>
</testsuite> <!-- TestNg.DataProviders -->
