<?xml version="1.0" encoding="UTF-8"?>
<!-- Generated by org.testng.reporters.JUnitReportReporter -->
<testsuite hostname="DESKTOP-5DJG0VO" failures="0" tests="1" name="TestNg_FailingPurpose.snapdeal" time="31.566" errors="0" timestamp="2023-10-06T15:18:38 IST" skipped="0">
  <testcase classname="TestNg_FailingPurpose.snapdeal" name="snap" time="31.566"/>
</testsuite> <!-- TestNg_FailingPurpose.snapdeal -->
