<?xml version="1.0" encoding="UTF-8"?>
<!-- Generated by org.testng.reporters.JUnitReportReporter -->
<testsuite hostname="DESKTOP-5DJG0VO" failures="0" tests="1" name="TestNg_Group.sample2" time="0.017" errors="0" timestamp="2023-10-05T15:25:50 IST" skipped="0">
  <testcase classname="TestNg_Group.sample2" name="demo3" time="0.017"/>
</testsuite> <!-- TestNg_Group.sample2 -->
