<?xml version="1.0" encoding="UTF-8"?>
<!-- Generated by org.testng.reporters.JUnitReportReporter -->
<testsuite hostname="DESKTOP-5DJG0VO" failures="0" tests="2" name="TestNg.Priority_Invocation_Enabled" time="0.019" errors="0" timestamp="2023-10-04T15:41:23 IST" skipped="1">
  <testcase classname="TestNg.Priority_Invocation_Enabled" name="demo3" time="0.019"/>
  <testcase classname="TestNg.Priority_Invocation_Enabled" name="demo2">
    <skipped/>
  </testcase> <!-- demo2 -->
</testsuite> <!-- TestNg.Priority_Invocation_Enabled -->
