<?xml version="1.0" encoding="UTF-8"?>
<!-- Generated by org.testng.reporters.JUnitReportReporter -->
<testsuite hostname="DESKTOP-5DJG0VO" failures="0" tests="1" name="TestNg_FailingPurpose.amazon" time="19.774" errors="0" timestamp="2023-10-06T15:18:38 IST" skipped="0">
  <testcase classname="TestNg_FailingPurpose.amazon" name="amz" time="19.774"/>
</testsuite> <!-- TestNg_FailingPurpose.amazon -->
