<?xml version="1.0" encoding="UTF-8"?>
<!-- Generated by org.testng.reporters.JUnitReportReporter -->
<testsuite hostname="DESKTOP-5DJG0VO" failures="0" tests="1" name="TestNg_Sequential.facebook" time="13.546" errors="0" timestamp="2023-10-05T14:01:47 IST" skipped="0">
  <testcase classname="TestNg_Sequential.facebook" name="fb" time="13.546"/>
</testsuite> <!-- TestNg_Sequential.facebook -->
